app/build/outputs/mapping/release/seeds.txt
com.wifi.yinli.activity.MainActivity: MainActivity()
com.wifi.yinli.App
com.wifi.yinli.activity.AboutActivity
com.wifi.yinli.CrashHandler$CrashActiviy: CrashHandler$CrashActiviy()
com.wifi.yinli.activity.AboutActivity: AboutActivity()
com.wifi.yinli.CrashHandler$CrashActiviy
com.wifi.yinli.App: App()
com.wifi.yinli.activity.MainActivity
...
androidx.constraintlayout.widget.R$styleable: int[] LinearLayoutCompat
androidx.appcompat.R$color: int notification_action_color_filter
androidx.appcompat.widget.AppCompatImageButton: void setImageBitmap(android.graphics.Bitmap)
com.google.android.material.R$styleable: int ConstraintLayout_Layout_flow_lastHorizontalStyle
com.google.android.material.R$attr: int toolbarStyle
com.google.android.material.R$style: int TextAppearance_AppCompat_Widget_ActionMode_Title
androidx.appcompat.R$drawable: int notify_panel_notification_icon_bg
com.google.android.material.R$attr: int waveShape
androidx.constraintlayout.widget.R$styleable: int GradientColor_android_centerX
com.google.android.material.R$drawable: int abc_list_divider_mtrl_alpha
com.google.android.material.R$styleable: int ActionMenuItemView_android_minWidth
com.google.android.material.R$drawable: int abc_ic_menu_copy_mtrl_am_alpha
com.google.android.material.R$id: int test_checkbox_android_button_tint
androidx.constraintlayout.widget.R$styleable: int GradientColorItem_android_offset
androidx.appcompat.R$drawable: int abc_textfield_search_material
com.google.android.material.R$dimen: int design_bottom_navigation_icon_size
com.google.android.material.R$styleable: int Chip_checkedIconVisible
androidx.constraintlayout.widget.R$styleable: int Constraint_layout_constraintWidth_max
androidx.constraintlayout.widget.R$styleable: int DrawerArrowToggle_gapBetweenBars
com.google.android.material.R$animator: int mtrl_btn_unelevated_state_list_anim
androidx.coordinatorlayout.R$attr: int fontProviderAuthority
androidx.constraintlayout.widget.R$styleable: int FontFamilyFont_ttcIndex
androidx.appcompat.R$id: int edit_query
androidx.appcompat.R$styleable: int ActionMode_backgroundSplit
com.google.android.material.R$style: int Widget_AppCompat_CompoundButton_CheckBox
com.google.android.material.R$styleable: int Motion_drawPath
androidx.appcompat.R$attr: int allowStacking
androidx.constraintlayout.widget.R$styleable: int KeyCycle_wavePeriod
com.google.android.material.R$style: int Widget_MaterialComponents_TextInputLayout_OutlinedBox_Dense
com.google.android.material.R$dimen: int mtrl_calendar_selection_baseline_to_top_fullscreen
com.google.android.material.R$drawable: int abc_edit_text_material
com.google.android.material.R$dimen: int mtrl_calendar_bottom_padding
androidx.appcompat.widget.AbsActionBarView: AbsActionBarView(android.content.Context,android.util.AttributeSet)
com.google.android.material.R$attr: int flow_firstHorizontalStyle
com.google.android.material.R$attr: int showPaths
androidx.appcompat.R$styleable: int SearchView_android_maxWidth
com.google.android.material.R$styleable: int ExtendedFloatingActionButton_Behavior_Layout_behavior_autoHide
com.google.android.material.R$styleable: int View_android_theme
com.google.android.material.R$styleable: int Chip_rippleColor
androidx.cardview.R$attr: int cardMaxElevation
androidx.constraintlayout.widget.R$styleable: int StateListDrawable_android_enterFadeDuration
androidx.constraintlayout.widget.Constraints
com.google.android.material.bottomappbar.BottomAppBar: float getFabTranslationY()
androidx.appcompat.widget.AppCompatImageButton
androidx.appcompat.R$attr: int alertDialogStyle
androidx.appcompat.widget.AppCompatSpinner: void setBackgroundResource(int)
androidx.appcompat.R$styleable: int ActionBar_progressBarPadding
com.google.android.material.bottomappbar.BottomAppBar: float getFabTranslationX()
androidx.appcompat.R$styleable: int ActionBar_backgroundStacked
com.google.android.material.R$styleable: int NavigationView_itemShapeInsetEnd
com.google.android.material.R$styleable: int MaterialButtonToggleGroup_selectionRequired
com.google.android.material.R$styleable: int ConstraintSet_flow_lastVerticalBias
com.google.android.material.R$dimen: int tooltip_margin
androidx.appcompat.R$color: int secondary_text_disabled_material_dark
androidx.appcompat.R$id: int actions