app/build/outputs/mapping/release/mapping.txt
# compiler: R8
# compiler_version: 1.6.67
# min_api: 19
# pg_map_id: 9802f93
# common_typos_disable
com.wifi.yinli.CrashHandler -> com.wifi.yinli.CrashHandler:
    java.lang.Thread$UncaughtExceptionHandler DEFAULT_UNCAUGHT_EXCEPTION_HANDLER -> a
    1:1:void init(android.app.Application,java.lang.String):0:0 -> a
    1:1:void init(android.app.Application):0 -> a
com.wifi.yinli.CrashHandler$1 -> b.c.a.a:
    android.app.Application val$app -> b
    java.lang.String val$crashDir -> a
    1:1:void writeFile(java.io.File,java.lang.String):0:0 -> a
    1:1:void tryUncaughtException(java.lang.Thread,java.lang.Throwable):0 -> a
    2:2:void tryUncaughtException(java.lang.Thread,java.lang.Throwable):0:0 -> a
com.wifi.yinli.CrashHandler$CrashActiviy -> com.wifi.yinli.CrashHandler$CrashActiviy:
    java.lang.String mLog -> p
    1:1:void restart():0:0 -> onBackPressed
    1:1:void onBackPressed():0 -> onBackPressed
    1:1:int dp2px(float):0:0 -> onCreate
    1:1:void onCreate(android.os.Bundle):0 -> onCreate
    2:2:void onCreate(android.os.Bundle):0:0 -> onCreate
com.wifi.yinli.activity.AboutActivity -> com.wifi.yinli.activity.AboutActivity:
    java.lang.String getVersionName() -> a
com.wifi.yinli.activity.MainActivity -> com.wifi.yinli.activity.MainActivity:
    long firstBackTime -> q
    android.widget.ListView listview -> p
    1:1:java.lang.String getSSID(java.lang.String):0:0 -> a
    1:1:void getConf(java.lang.String):0 -> a
    2:2:void getConf(java.lang.String):0:0 -> a
    void getXml(java.io.InputStream) -> a
    3:3:androidx.appcompat.app.AlertDialog$Builder androidx.appcompat.app.AlertDialog$Builder.setTitle(java.lang.CharSequence):0:0 -> a
    3:3:void initShow(java.util.List):0 -> a
    4:4:androidx.appcompat.app.AlertDialog$Builder androidx.appcompat.app.AlertDialog$Builder.setMessage(java.lang.CharSequence):0:0 -> a
    4:4:void initShow(java.util.List):0 -> a
    5:5:androidx.appcompat.app.AlertDialog$Builder androidx.appcompat.app.AlertDialog$Builder.setPositiveButton(java.lang.CharSequence,android.content.DialogInterface$OnClickListener):0:0 -> a
    5:5:void initShow(java.util.List):0 -> a
    6:6:void initShow(java.util.List):0:0 -> a
    java.lang.String getTxt(java.lang.String) -> b
    1:1:void androidx.activity.ComponentActivity.onBackPressed():0:0 -> onBackPressed
    1:1:void onBackPressed():0 -> onBackPressed
    1:1:void setTxt(java.lang.String,java.lang.String):0:0 -> onCreate
    1:1:void onCreate(android.os.Bundle):0 -> onCreate
    2:2:void onCreate(android.os.Bundle):0:0 -> onCreate
com.wifi.yinli.activity.MainActivity$1 -> com.wifi.yinli.activity.MainActivity$a:
    java.util.List val$list -> b
    com.wifi.yinli.activity.MainActivity this$0 -> c
com.wifi.yinli.utils.RootCmd -> b.c.a.b.a:
    java.lang.String execRootCmd(java.lang.String) -> a
...
com.google.android.material.floatingactionbutton.FloatingActionButtonImpl$ElevateToPressedTranslationZAnimation -> b.b.a.a.z.e$d:
    com.google.android.material.floatingactionbutton.FloatingActionButtonImpl this$0 -> e
    float getTargetShadowSize() -> a
com.google.android.material.floatingactionbutton.FloatingActionButtonImpl$InternalTransformationCallback -> b.b.a.a.z.e$e:
    void onScaleChanged() -> a
    void onTranslationChanged() -> b
com.google.android.material.floatingactionbutton.FloatingActionButtonImpl$InternalVisibilityChangedListener -> b.b.a.a.z.e$f:
com.google.android.material.floatingactionbutton.FloatingActionButtonImpl$ResetElevationAnimation -> b.b.a.a.z.e$g:
    com.google.android.material.floatingactionbutton.FloatingActionButtonImpl this$0 -> e
    float getTargetShadowSize() -> a
com.google.android.material.floatingactionbutton.FloatingActionButtonImpl$ShadowAnimatorImpl -> b.b.a.a.z.e$h:
    com.google.android.material.floatingactionbutton.FloatingActionButtonImpl this$0 -> d
    float shadowSizeEnd -> c
    float shadowSizeStart -> b
    boolean validValues -> a
    1:1:void <init>(com.google.android.material.floatingactionbutton.FloatingActionButtonImpl):0:0 -> <init>
    1:1:void <init>(com.google.android.material.floatingactionbutton.FloatingActionButtonImpl,com.google.android.material.floatingactionbutton.FloatingActionButtonImpl$1):0 -> <init>
    float getTargetShadowSize() -> a
    1:1:void com.google.android.material.floatingactionbutton.FloatingActionButtonImpl.updateShapeElevation(float):0:0 -> onAnimationEnd
    1:1:void onAnimationEnd(android.animation.Animator):0 -> onAnimationEnd
    1:1:float com.google.android.material.shape.MaterialShapeDrawable.getElevation():0:0 -> onAnimationUpdate
    1:1:void onAnimationUpdate(android.animation.ValueAnimator):0 -> onAnimationUpdate
    2:2:void onAnimationUpdate(android.animation.ValueAnimator):0:0 -> onAnimationUpdate
    3:3:void com.google.android.material.floatingactionbutton.FloatingActionButtonImpl.updateShapeElevation(float):0:0 -> onAnimationUpdate
    3:3:void onAnimationUpdate(android.animation.ValueAnimator):0 -> onAnimationUpdate
com.google.android.material.floatingactionbutton.FloatingActionButtonImplLollipop -> b.b.a.a.z.h:
    android.animation.Animator createElevationAnimator(float,float) -> a
    float getElevation() -> a
    1:1:boolean com.google.android.material.floatingactionbutton.FloatingActionButton$ShadowDelegateImpl.isCompatPaddingEnabled():0:0 -> a
    1:1:void getPadding(android.graphics.Rect):0 -> a
    2:2:void getPadding(android.graphics.Rect):0:0 -> a
    void onDrawableStateChanged(int[]) -> a
    void onElevationsChanged(float,float,float) -> a
    void setRippleColor(android.content.res.ColorStateList) -> a
    void jumpDrawableToCurrentState() -> d
    void onCompatShadowChanged() -> e
    boolean requirePreDrawListener() -> h
    1:1:boolean com.google.android.material.floatingactionbutton.FloatingActionButton$ShadowDelegateImpl.isCompatPaddingEnabled():0:0 -> i
    1:1:boolean shouldAddPadding():0 -> i
    2:2:boolean shouldAddPadding():0:0 -> i
    void updateFromViewRotation() -> l
com.google.android.material.floatingactionbutton.MotionStrategy -> b.b.a.a.z.i:
    android.animation.AnimatorSet createAnimator() -> a
    void onChange(com.google.android.material.floatingactionbutton.ExtendedFloatingActionButton$OnChangedCallback) -> a
    boolean shouldCancel() -> b
    void onAnimationEnd() -> c
    void onAnimationCancel() -> d
    java.util.List getListeners() -> e
    void performNow() -> f
com.google.android.material.internal.BaselineLayout -> com.google.android.material.internal.BaselineLayout:
    int baseline -> b