app/build/outputs/mapping/release/usage.txt
com.wifi.yinli.R$plurals
com.wifi.yinli.R$color
com.wifi.yinli.R$string
com.wifi.yinli.R$anim
com.wifi.yinli.R$attr
com.wifi.yinli.R$bool
com.wifi.yinli.CrashHandler$CrashActiviy:
    private static final java.lang.String EXTRA_CRASH_INFO
com.wifi.yinli.R$menu
com.wifi.yinli.R
com.wifi.yinli.R$integer
com.wifi.yinli.R$style
com.wifi.yinli.R$xml
com.wifi.yinli.R$drawable
com.wifi.yinli.R$interpolator
com.wifi.yinli.utils.RootCmd:
    public void <init>()
    public static boolean haveRoot()
    public static int execRootCmdSilent(java.lang.String)
    private static final java.lang.String TAG
com.wifi.yinli.CrashHandler:
    public void <init>()
com.wifi.yinli.R$layout
com.wifi.yinli.R$dimen
com.wifi.yinli.R$id
com.wifi.yinli.BuildConfig
com.wifi.yinli.R$animator
com.wifi.yinli.R$mipmap
com.wifi.yinli.R$styleable
com.wifi.yinli.App:
    public static com.wifi.yinli.App getApp()
com.wifi.yinli.activity.MainActivity:
    public final java.lang.String getSSID(java.lang.String)
    public final void setTxt(java.lang.String,java.lang.String)
com.wifi.yinli.CrashHandler$CrashActiviy:
    public final void restart()
    public final int dp2px(float)
com.wifi.yinli.CrashHandler$1:
    public final void writeFile(java.io.File,java.lang.String)
com.wifi.yinli.utils.RootCmd:
    public static void <clinit>()
    public static boolean mHaveRoot
com.wifi.yinli.CrashHandler:
    public static void init(android.app.Application,java.lang.String)
com.wifi.yinli.App:
    public static com.wifi.yinli.App sApp
...
androidx.core.view.inputmethod.InputConnectionCompat$OnCommitContentListener:
    public abstract boolean onCommitContent(androidx.core.view.inputmethod.InputContentInfoCompat,int,android.os.Bundle)
androidx.customview.view.AbsSavedState:
    public void <init>()
    public final android.os.Parcelable getSuperState()
androidx.coordinatorlayout.widget.CoordinatorLayout$SavedState$1:
    public androidx.coordinatorlayout.widget.CoordinatorLayout$SavedState createFromParcel(android.os.Parcel,java.lang.ClassLoader)
    public androidx.coordinatorlayout.widget.CoordinatorLayout$SavedState createFromParcel(android.os.Parcel)
    public androidx.coordinatorlayout.widget.CoordinatorLayout$SavedState[] newArray(int)
androidx.appcompat.widget.AppCompatProgressBarHelper:
    public android.graphics.Bitmap getSampleTile()
    public final android.graphics.drawable.Drawable tileifyIndeterminate(android.graphics.drawable.Drawable)
    public final android.graphics.drawable.shapes.Shape getDrawableShape()
androidx.core.provider.CallbackWithHandler$2:
    public final synthetic androidx.core.provider.CallbackWithHandler this$0
androidx.core.view.ContentInfoCompat$Builder:
    public androidx.core.view.ContentInfoCompat$Builder setFlags(int)
    public androidx.core.view.ContentInfoCompat$Builder setLinkUri(android.net.Uri)
    public androidx.core.view.ContentInfoCompat$Builder setExtras(android.os.Bundle)
    public androidx.core.view.ContentInfoCompat build()
com.google.android.material.snackbar.BaseTransientBottomBar$9:
    public void onDragStateChanged(int)
com.google.android.material.shape.ShapePath$PathLineOperation:
    public static synthetic float access$002(com.google.android.material.shape.ShapePath$PathLineOperation,float)
    public static synthetic float access$102(com.google.android.material.shape.ShapePath$PathLineOperation,float)
    public static synthetic float access$100(com.google.android.material.shape.ShapePath$PathLineOperation)
    public static synthetic float access$000(com.google.android.material.shape.ShapePath$PathLineOperation)
androidx.appcompat.view.menu.MenuItemImpl:
    public boolean invoke()
    public int getOrdering()
    public java.lang.String getShortcutLabel()
    public void setSubMenu(androidx.appcompat.view.menu.SubMenuBuilder)
    public java.lang.CharSequence getTitleForItemView(androidx.appcompat.view.menu.MenuView$ItemView)
    public void setExclusiveCheckable(boolean)
    public void setMenuInfo(android.view.ContextMenu$ContextMenuInfo)
    public void actionFormatChanged()
    public boolean shouldShowIcon()
    public boolean requestsActionButton()
    public boolean requiresActionButton()
    public boolean showsTextAsAction()
    public androidx.core.internal.view.SupportMenuItem setActionView(int)
    public androidx.core.internal.view.SupportMenuItem setShowAsActionFlags(int)
    public void setActionViewExpanded(boolean)
    public java.lang.Runnable mItemCallback
com.google.android.material.ripple.RippleDrawableCompat$RippleDrawableCompatState:
    public com.google.android.material.ripple.RippleDrawableCompat newDrawable()
androidx.core.provider.FontRequestWorker:
    public static java.lang.String createCacheId(androidx.core.provider.FontRequest,int)
    public static int getFontFamilyResultStatus(androidx.core.provider.FontsContractCompat$FontFamilyResult)